<?xml version="1.0" encoding="UTF-8"?>
<!-- Generated by org.testng.reporters.JUnitXMLReporter -->
<testsuite ignored="0" hostname="LAPTOP-C7HGNBTL" failures="2" tests="13" name="Selenium Easy Test" time="108.282" errors="0" timestamp="18 Jun 2021 16:44:32 GMT">
  <testcase classname="com.seleniumeasy.qa.testcases.SimpleFormDemoTest" name="@BeforeMethod setUp" time="26.105">
    <failure type="org.openqa.selenium.NoSuchElementException" message="no such element: Unable to locate element: {&amp;quot;method&amp;quot;:&amp;quot;css selector&amp;quot;,&amp;quot;selector&amp;quot;:&amp;quot;#at\-cv\-lightbox\-close&amp;quot;}
  (Session info: chrome=91.0.4472.101)
For documentation on this error, please visit: http://seleniumhq.org/exceptions/no_such_element.html
Build info: version: &amp;apos;3.14.0&amp;apos;, revision: &amp;apos;aacccce0&amp;apos;, time: &amp;apos;2018-08-02T20:19:58.91Z&amp;apos;
System info: host: &amp;apos;LAPTOP-C7HGNBTL&amp;apos;, ip: &amp;apos;192.168.190.98&amp;apos;, os.name: &amp;apos;Windows 10&amp;apos;, os.arch: &amp;apos;amd64&amp;apos;, os.version: &amp;apos;10.0&amp;apos;, java.version: &amp;apos;15.0.2&amp;apos;
Driver info: org.openqa.selenium.chrome.ChromeDriver
Capabilities {acceptInsecureCerts: false, browserName: chrome, browserVersion: 91.0.4472.101, chrome: {chromedriverVersion: 90.0.4430.24 (4c6d850f087da..., userDataDir: C:\Users\dastu\AppData\Loca...}, goog:chromeOptions: {debuggerAddress: localhost:63881}, javascriptEnabled: true, networkConnectionEnabled: false, pageLoadStrategy: normal, platform: WINDOWS, platformName: WINDOWS, proxy: Proxy(), setWindowRect: true, strictFileInteractability: false, timeouts: {implicit: 0, pageLoad: 300000, script: 30000}, unhandledPromptBehavior: dismiss and notify, webauthn:extension:largeBlob: true, webauthn:virtualAuthenticators: true}
Session ID: 9b77aad67f0a77300f5e63790cd8cf41
*** Element info: {Using=id, value=at-cv-lightbox-close}">
      <![CDATA[org.openqa.selenium.NoSuchElementException: no such element: Unable to locate element: {"method":"css selector","selector":"#at\-cv\-lightbox\-close"}
  (Session info: chrome=91.0.4472.101)
For documentation on this error, please visit: http://seleniumhq.org/exceptions/no_such_element.html
Build info: version: '3.14.0', revision: 'aacccce0', time: '2018-08-02T20:19:58.91Z'
System info: host: 'LAPTOP-C7HGNBTL', ip: '192.168.190.98', os.name: 'Windows 10', os.arch: 'amd64', os.version: '10.0', java.version: '15.0.2'
Driver info: org.openqa.selenium.chrome.ChromeDriver
Capabilities {acceptInsecureCerts: false, browserName: chrome, browserVersion: 91.0.4472.101, chrome: {chromedriverVersion: 90.0.4430.24 (4c6d850f087da..., userDataDir: C:\Users\dastu\AppData\Loca...}, goog:chromeOptions: {debuggerAddress: localhost:63881}, javascriptEnabled: true, networkConnectionEnabled: false, pageLoadStrategy: normal, platform: WINDOWS, platformName: WINDOWS, proxy: Proxy(), setWindowRect: true, strictFileInteractability: false, timeouts: {implicit: 0, pageLoad: 300000, script: 30000}, unhandledPromptBehavior: dismiss and notify, webauthn:extension:largeBlob: true, webauthn:virtualAuthenticators: true}
Session ID: 9b77aad67f0a77300f5e63790cd8cf41
*** Element info: {Using=id, value=at-cv-lightbox-close}
	at org.openqa.selenium.remote.http.W3CHttpResponseCodec.createException(W3CHttpResponseCodec.java:187)
	at org.openqa.selenium.remote.http.W3CHttpResponseCodec.decode(W3CHttpResponseCodec.java:122)
	at org.openqa.selenium.remote.http.W3CHttpResponseCodec.decode(W3CHttpResponseCodec.java:49)
	at org.openqa.selenium.remote.HttpCommandExecutor.execute(HttpCommandExecutor.java:158)
	at org.openqa.selenium.remote.service.DriverCommandExecutor.execute(DriverCommandExecutor.java:83)
	at org.openqa.selenium.remote.RemoteWebDriver.execute(RemoteWebDriver.java:548)
	at org.openqa.selenium.remote.RemoteWebDriver.findElement(RemoteWebDriver.java:322)
	at org.openqa.selenium.remote.RemoteWebDriver.findElementById(RemoteWebDriver.java:368)
	at org.openqa.selenium.By$ById.findElement(By.java:188)
	at org.openqa.selenium.remote.RemoteWebDriver.findElement(RemoteWebDriver.java:314)
	at org.openqa.selenium.support.pagefactory.DefaultElementLocator.findElement(DefaultElementLocator.java:69)
	at org.openqa.selenium.support.pagefactory.internal.LocatingElementHandler.invoke(LocatingElementHandler.java:38)
	at com.sun.proxy.$Proxy13.click(Unknown Source)
	at com.seleniumeasy.qa.pages.HomePage.start(HomePage.java:55)
	at com.seleniumeasy.qa.testcases.SimpleFormDemoTest.setUp(SimpleFormDemoTest.java:34)
... Removed 32 stack frames]]>
    </failure>
  </testcase> <!-- @BeforeMethod setUp -->
  <testcase classname="com.seleniumeasy.qa.testcases.SimpleFormDemoTest" name="@BeforeMethod setUp" time="0.0">
    <skipped/>
  </testcase> <!-- @BeforeMethod setUp -->
  <testcase classname="com.seleniumeasy.qa.testcases.SimpleFormDemoTest" name="@BeforeMethod setUp" time="0.0">
    <skipped/>
  </testcase> <!-- @BeforeMethod setUp -->
  <testcase classname="com.seleniumeasy.qa.testcases.SimpleFormDemoTest" name="@BeforeMethod setUp" time="0.0">
    <skipped/>
  </testcase> <!-- @BeforeMethod setUp -->
  <testcase classname="com.seleniumeasy.qa.testcases.SimpleFormDemoTest" name="@BeforeMethod setUp" time="0.0">
    <skipped/>
  </testcase> <!-- @BeforeMethod setUp -->
  <testcase classname="com.seleniumeasy.qa.testcases.SimpleFormDemoTest" name="@BeforeMethod setUp" time="0.0">
    <skipped/>
  </testcase> <!-- @BeforeMethod setUp -->
  <testcase classname="com.seleniumeasy.qa.testcases.HomePageTest" name="HomePageTitleTest" time="0.012"/>
  <testcase classname="com.seleniumeasy.qa.testcases.SimpleFormDemoTest" name="validateSimpleFormDemoTitleTest" time="0.0">
    <skipped/>
  </testcase> <!-- validateSimpleFormDemoTitleTest -->
  <testcase classname="com.seleniumeasy.qa.testcases.CheckBoxDemoTest" name="selectSingleCheckBoxTest" time="0.028">
    <failure type="org.openqa.selenium.InvalidSelectorException" message="invalid selector: Unable to locate an element with the xpath expression //*[@id=\&amp;quot;easycont\&amp;quot;]/div/div[2]/div[2]/div[2]/div[1]/label/input because of the following error:
SyntaxError: Failed to execute &amp;apos;evaluate&amp;apos; on &amp;apos;Document&amp;apos;: The string &amp;apos;//*[@id=\&amp;quot;easycont\&amp;quot;]/div/div[2]/div[2]/div[2]/div[1]/label/input&amp;apos; is not a valid XPath expression.
  (Session info: chrome=91.0.4472.101)
For documentation on this error, please visit: http://seleniumhq.org/exceptions/invalid_selector_exception.html
Build info: version: &amp;apos;3.14.0&amp;apos;, revision: &amp;apos;aacccce0&amp;apos;, time: &amp;apos;2018-08-02T20:19:58.91Z&amp;apos;
System info: host: &amp;apos;LAPTOP-C7HGNBTL&amp;apos;, ip: &amp;apos;192.168.190.98&amp;apos;, os.name: &amp;apos;Windows 10&amp;apos;, os.arch: &amp;apos;amd64&amp;apos;, os.version: &amp;apos;10.0&amp;apos;, java.version: &amp;apos;15.0.2&amp;apos;
Driver info: org.openqa.selenium.chrome.ChromeDriver
Capabilities {acceptInsecureCerts: false, browserName: chrome, browserVersion: 91.0.4472.101, chrome: {chromedriverVersion: 90.0.4430.24 (4c6d850f087da..., userDataDir: C:\Users\dastu\AppData\Loca...}, goog:chromeOptions: {debuggerAddress: localhost:62301}, javascriptEnabled: true, networkConnectionEnabled: false, pageLoadStrategy: normal, platform: WINDOWS, platformName: WINDOWS, proxy: Proxy(), setWindowRect: true, strictFileInteractability: false, timeouts: {implicit: 0, pageLoad: 300000, script: 30000}, unhandledPromptBehavior: dismiss and notify, webauthn:extension:largeBlob: true, webauthn:virtualAuthenticators: true}
Session ID: f3e17e47060c0c319eb4b0a5173712d1
*** Element info: {Using=xpath, value=//*[@id=\&amp;quot;easycont\&amp;quot;]/div/div[2]/div[2]/div[2]/div[1]/label/input}">
      <![CDATA[org.openqa.selenium.InvalidSelectorException: invalid selector: Unable to locate an element with the xpath expression //*[@id=\"easycont\"]/div/div[2]/div[2]/div[2]/div[1]/label/input because of the following error:
SyntaxError: Failed to execute 'evaluate' on 'Document': The string '//*[@id=\"easycont\"]/div/div[2]/div[2]/div[2]/div[1]/label/input' is not a valid XPath expression.
  (Session info: chrome=91.0.4472.101)
For documentation on this error, please visit: http://seleniumhq.org/exceptions/invalid_selector_exception.html
Build info: version: '3.14.0', revision: 'aacccce0', time: '2018-08-02T20:19:58.91Z'
System info: host: 'LAPTOP-C7HGNBTL', ip: '192.168.190.98', os.name: 'Windows 10', os.arch: 'amd64', os.version: '10.0', java.version: '15.0.2'
Driver info: org.openqa.selenium.chrome.ChromeDriver
Capabilities {acceptInsecureCerts: false, browserName: chrome, browserVersion: 91.0.4472.101, chrome: {chromedriverVersion: 90.0.4430.24 (4c6d850f087da..., userDataDir: C:\Users\dastu\AppData\Loca...}, goog:chromeOptions: {debuggerAddress: localhost:62301}, javascriptEnabled: true, networkConnectionEnabled: false, pageLoadStrategy: normal, platform: WINDOWS, platformName: WINDOWS, proxy: Proxy(), setWindowRect: true, strictFileInteractability: false, timeouts: {implicit: 0, pageLoad: 300000, script: 30000}, unhandledPromptBehavior: dismiss and notify, webauthn:extension:largeBlob: true, webauthn:virtualAuthenticators: true}
Session ID: f3e17e47060c0c319eb4b0a5173712d1
*** Element info: {Using=xpath, value=//*[@id=\"easycont\"]/div/div[2]/div[2]/div[2]/div[1]/label/input}
	at org.openqa.selenium.remote.http.W3CHttpResponseCodec.createException(W3CHttpResponseCodec.java:187)
	at org.openqa.selenium.remote.http.W3CHttpResponseCodec.decode(W3CHttpResponseCodec.java:122)
	at org.openqa.selenium.remote.http.W3CHttpResponseCodec.decode(W3CHttpResponseCodec.java:49)
	at org.openqa.selenium.remote.HttpCommandExecutor.execute(HttpCommandExecutor.java:158)
	at org.openqa.selenium.remote.service.DriverCommandExecutor.execute(DriverCommandExecutor.java:83)
	at org.openqa.selenium.remote.RemoteWebDriver.execute(RemoteWebDriver.java:548)
	at org.openqa.selenium.remote.RemoteWebDriver.findElement(RemoteWebDriver.java:322)
	at org.openqa.selenium.remote.RemoteWebDriver.findElementByXPath(RemoteWebDriver.java:424)
	at org.openqa.selenium.By$ByXPath.findElement(By.java:353)
	at org.openqa.selenium.remote.RemoteWebDriver.findElement(RemoteWebDriver.java:314)
	at org.openqa.selenium.support.pagefactory.DefaultElementLocator.findElement(DefaultElementLocator.java:69)
	at org.openqa.selenium.support.pagefactory.internal.LocatingElementHandler.invoke(LocatingElementHandler.java:38)
	at com.sun.proxy.$Proxy13.click(Unknown Source)
	at com.seleniumeasy.qa.pages.CheckBoxDemo.clickOnOption1(CheckBoxDemo.java:41)
	at com.seleniumeasy.qa.testcases.CheckBoxDemoTest.selectSingleCheckBoxTest(CheckBoxDemoTest.java:37)
... Removed 30 stack frames]]>
    </failure>
  </testcase> <!-- selectSingleCheckBoxTest -->
  <testcase classname="com.seleniumeasy.qa.testcases.HomePageTest" name="SeleniumEasyLogoTest" time="0.06"/>
  <testcase classname="com.seleniumeasy.qa.testcases.SimpleFormDemoTest" name="msgTest" time="0.0">
    <skipped/>
  </testcase> <!-- msgTest -->
  <testcase classname="com.seleniumeasy.qa.testcases.CheckBoxDemoTest" name="selectAllCheckBoxTest" time="0.078">
    <failure type="org.openqa.selenium.InvalidSelectorException" message="invalid selector: Unable to locate an element with the xpath expression //*[@id=\&amp;quot;easycont\&amp;quot;]/div/div[2]/div[2]/div[2]/div[1]/label/input because of the following error:
SyntaxError: Failed to execute &amp;apos;evaluate&amp;apos; on &amp;apos;Document&amp;apos;: The string &amp;apos;//*[@id=\&amp;quot;easycont\&amp;quot;]/div/div[2]/div[2]/div[2]/div[1]/label/input&amp;apos; is not a valid XPath expression.
  (Session info: chrome=91.0.4472.101)
For documentation on this error, please visit: http://seleniumhq.org/exceptions/invalid_selector_exception.html
Build info: version: &amp;apos;3.14.0&amp;apos;, revision: &amp;apos;aacccce0&amp;apos;, time: &amp;apos;2018-08-02T20:19:58.91Z&amp;apos;
System info: host: &amp;apos;LAPTOP-C7HGNBTL&amp;apos;, ip: &amp;apos;192.168.190.98&amp;apos;, os.name: &amp;apos;Windows 10&amp;apos;, os.arch: &amp;apos;amd64&amp;apos;, os.version: &amp;apos;10.0&amp;apos;, java.version: &amp;apos;15.0.2&amp;apos;
Driver info: org.openqa.selenium.chrome.ChromeDriver
Capabilities {acceptInsecureCerts: false, browserName: chrome, browserVersion: 91.0.4472.101, chrome: {chromedriverVersion: 90.0.4430.24 (4c6d850f087da..., userDataDir: C:\Users\dastu\AppData\Loca...}, goog:chromeOptions: {debuggerAddress: localhost:63634}, javascriptEnabled: true, networkConnectionEnabled: false, pageLoadStrategy: normal, platform: WINDOWS, platformName: WINDOWS, proxy: Proxy(), setWindowRect: true, strictFileInteractability: false, timeouts: {implicit: 0, pageLoad: 300000, script: 30000}, unhandledPromptBehavior: dismiss and notify, webauthn:extension:largeBlob: true, webauthn:virtualAuthenticators: true}
Session ID: f5af6111d25141a849501ec0576783ab
*** Element info: {Using=xpath, value=//*[@id=\&amp;quot;easycont\&amp;quot;]/div/div[2]/div[2]/div[2]/div[1]/label/input}">
      <![CDATA[org.openqa.selenium.InvalidSelectorException: invalid selector: Unable to locate an element with the xpath expression //*[@id=\"easycont\"]/div/div[2]/div[2]/div[2]/div[1]/label/input because of the following error:
SyntaxError: Failed to execute 'evaluate' on 'Document': The string '//*[@id=\"easycont\"]/div/div[2]/div[2]/div[2]/div[1]/label/input' is not a valid XPath expression.
  (Session info: chrome=91.0.4472.101)
For documentation on this error, please visit: http://seleniumhq.org/exceptions/invalid_selector_exception.html
Build info: version: '3.14.0', revision: 'aacccce0', time: '2018-08-02T20:19:58.91Z'
System info: host: 'LAPTOP-C7HGNBTL', ip: '192.168.190.98', os.name: 'Windows 10', os.arch: 'amd64', os.version: '10.0', java.version: '15.0.2'
Driver info: org.openqa.selenium.chrome.ChromeDriver
Capabilities {acceptInsecureCerts: false, browserName: chrome, browserVersion: 91.0.4472.101, chrome: {chromedriverVersion: 90.0.4430.24 (4c6d850f087da..., userDataDir: C:\Users\dastu\AppData\Loca...}, goog:chromeOptions: {debuggerAddress: localhost:63634}, javascriptEnabled: true, networkConnectionEnabled: false, pageLoadStrategy: normal, platform: WINDOWS, platformName: WINDOWS, proxy: Proxy(), setWindowRect: true, strictFileInteractability: false, timeouts: {implicit: 0, pageLoad: 300000, script: 30000}, unhandledPromptBehavior: dismiss and notify, webauthn:extension:largeBlob: true, webauthn:virtualAuthenticators: true}
Session ID: f5af6111d25141a849501ec0576783ab
*** Element info: {Using=xpath, value=//*[@id=\"easycont\"]/div/div[2]/div[2]/div[2]/div[1]/label/input}
	at org.openqa.selenium.remote.http.W3CHttpResponseCodec.createException(W3CHttpResponseCodec.java:187)
	at org.openqa.selenium.remote.http.W3CHttpResponseCodec.decode(W3CHttpResponseCodec.java:122)
	at org.openqa.selenium.remote.http.W3CHttpResponseCodec.decode(W3CHttpResponseCodec.java:49)
	at org.openqa.selenium.remote.HttpCommandExecutor.execute(HttpCommandExecutor.java:158)
	at org.openqa.selenium.remote.service.DriverCommandExecutor.execute(DriverCommandExecutor.java:83)
	at org.openqa.selenium.remote.RemoteWebDriver.execute(RemoteWebDriver.java:548)
	at org.openqa.selenium.remote.RemoteWebDriver.findElement(RemoteWebDriver.java:322)
	at org.openqa.selenium.remote.RemoteWebDriver.findElementByXPath(RemoteWebDriver.java:424)
	at org.openqa.selenium.By$ByXPath.findElement(By.java:353)
	at org.openqa.selenium.remote.RemoteWebDriver.findElement(RemoteWebDriver.java:314)
	at org.openqa.selenium.support.pagefactory.DefaultElementLocator.findElement(DefaultElementLocator.java:69)
	at org.openqa.selenium.support.pagefactory.internal.LocatingElementHandler.invoke(LocatingElementHandler.java:38)
	at com.sun.proxy.$Proxy13.isSelected(Unknown Source)
	at com.seleniumeasy.qa.pages.CheckBoxDemo.voidCheckAll(CheckBoxDemo.java:51)
	at com.seleniumeasy.qa.testcases.CheckBoxDemoTest.selectAllCheckBoxTest(CheckBoxDemoTest.java:44)
... Removed 30 stack frames]]>
    </failure>
  </testcase> <!-- selectAllCheckBoxTest -->
  <testcase classname="com.seleniumeasy.qa.testcases.HomePageTest" name="stratTest" time="0.123"/>
  <testcase classname="com.seleniumeasy.qa.testcases.SimpleFormDemoTest" name="sumTest" time="0.0">
    <skipped/>
  </testcase> <!-- sumTest -->
  <testcase classname="com.seleniumeasy.qa.testcases.SimpleFormDemoTest" name="sumTest" time="0.0">
    <skipped/>
  </testcase> <!-- sumTest -->
  <testcase classname="com.seleniumeasy.qa.testcases.SimpleFormDemoTest" name="sumTest" time="0.0">
    <skipped/>
  </testcase> <!-- sumTest -->
  <testcase classname="com.seleniumeasy.qa.testcases.CheckBoxDemoTest" name="navigateToRAdioButtonDemoTest" time="0.88"/>
  <testcase classname="com.seleniumeasy.qa.testcases.HomePageTest" name="navigateSimpleFormToHome" time="1.112"/>
  <testcase classname="com.seleniumeasy.qa.testcases.SimpleFormDemoTest" name="navigateToCheckBoxDemoTest" time="0.0">
    <skipped/>
  </testcase> <!-- navigateToCheckBoxDemoTest -->
</testsuite> <!-- Selenium Easy Test -->
